<?xml version="1.0" encoding="UTF-8" ?>
<testsuites errors="2"
            failures="3"
            tests="8">

  <testsuite name="testMainPage"
    errors="2" failures="3" hostname="" id="" package="testMainPage" skipped="0"
    tests="8" time="156.2" timestamp="Wed, 13 Jul 2016 09:47:17 GMT">
  
    <testcase name="login with out remember me test and assertions  (browser)" time="32.69" assertions="51">

    

    

    

    

    

    

    

    

    

    

    

    

    

    

    

    

    

    

    

    

    

    

    

    

    

    

    

    

    

    

    

    

    

    

    

    

    

    

    

    

    

    

    

    

    

    

    

    

    

    

    
    </testcase>
  
    <testcase name="login with remember me test and assertions (browser)" time="14.76" assertions="1">

    
    </testcase>
  
    <testcase name="login (mobile)" time="13.88" assertions="1">

    
    </testcase>
  
    <testcase name="login with not valid email or pass (mobile)" time="16.60" assertions="2">

    

    
    </testcase>
  
    <testcase name="integration test with concepts part " time="0.09100" assertions="0">
    </testcase>
  
    <testcase name="integration test with plans part" time="23.37" assertions="21">

    

    

    

    

    

    

    

    

    

    

    

    

    

    

    

    

    

    

    

      <failure message="Expected element &lt;Section[name=planDescription],Element[name=@storageSecond]&gt; to not be visible">    at Object.element (/Users/potapovD1/Documents/weblium_UI/node_modules/nightwatch/lib/page-object/command-wrapper.js:103:25)
    at Object.descriptionsAssertions (/Users/potapovD1/Documents/weblium_UI/pages/plansPage.js:50:25)
    at Object.integrationTestWithPlansPart [as integration test with plans part] (/Users/potapovD1/Documents/weblium_UI/tests/testMainPage.js:82:14)
    at Module.call (/Users/potapovD1/Documents/weblium_UI/node_modules/nightwatch/lib/runner/module.js:63:34)
    at /Users/potapovD1/Documents/weblium_UI/node_modules/nightwatch/lib/runner/testcase.js:97:29
    at _fulfilled (/Users/potapovD1/Documents/weblium_UI/node_modules/q/q.js:834:54)
    at self.promiseDispatch.done (/Users/potapovD1/Documents/weblium_UI/node_modules/q/q.js:863:30)
    at Promise.promise.promiseDispatch (/Users/potapovD1/Documents/weblium_UI/node_modules/q/q.js:796:13)
    at /Users/potapovD1/Documents/weblium_UI/node_modules/q/q.js:556:49
    at runSingle (/Users/potapovD1/Documents/weblium_UI/node_modules/q/q.js:137:13)</failure>

    
    </testcase>
  
    <testcase name="integration test with create new websites part" time="39.55" assertions="19">

    

    

    

    

    

    

    

    

    

    

    

    

    

    

    

    

    

    

    
    </testcase>
  
    <testcase name="integration test with account settings " time="15.30" assertions="1">  <failure message="Testing if the URL contains &quot;/dashboard&quot;.">    at Object.urlContains (/Users/potapovD1/Documents/weblium_UI/node_modules/nightwatch/lib/page-object/command-wrapper.js:103:25)
    at Object.loginWithOutRememberMe (/Users/potapovD1/Documents/weblium_UI/pages/mainPage.js:94:21)
    at Object.integrationTestWithAccountSettings [as integration test with account settings ] (/Users/potapovD1/Documents/weblium_UI/tests/testMainPage.js:116:14)
    at Module.call (/Users/potapovD1/Documents/weblium_UI/node_modules/nightwatch/lib/runner/module.js:63:34)
    at /Users/potapovD1/Documents/weblium_UI/node_modules/nightwatch/lib/runner/testcase.js:97:29
    at _fulfilled (/Users/potapovD1/Documents/weblium_UI/node_modules/q/q.js:834:54)
    at self.promiseDispatch.done (/Users/potapovD1/Documents/weblium_UI/node_modules/q/q.js:863:30)
    at Promise.promise.promiseDispatch (/Users/potapovD1/Documents/weblium_UI/node_modules/q/q.js:796:13)
    at /Users/potapovD1/Documents/weblium_UI/node_modules/q/q.js:556:49
    at runSingle (/Users/potapovD1/Documents/weblium_UI/node_modules/q/q.js:137:13)</failure>

    
    </testcase>
  
  
  </testsuite>
</testsuites>
